TN:
SF:app.js
FNF:0
FNH:0
DA:1,1
DA:2,1
DA:3,1
DA:4,1
DA:5,1
DA:6,1
DA:7,1
DA:8,1
DA:9,1
DA:10,1
DA:12,1
DA:14,1
DA:15,1
DA:16,1
DA:17,1
DA:18,1
DA:19,1
DA:22,1
DA:30,1
DA:31,1
DA:34,1
DA:36,1
LF:22
LH:22
BRF:0
BRH:0
end_of_record
TN:
SF:controllers\hotelController.js
FN:4,(anonymous_0)
FN:9,(anonymous_1)
FN:11,(anonymous_2)
FN:19,(anonymous_3)
FN:37,(anonymous_4)
FN:45,(anonymous_5)
FNF:6
FNH:6
FNDA:2,(anonymous_0)
FNDA:4,(anonymous_1)
FNDA:8,(anonymous_2)
FNDA:1,(anonymous_3)
FNDA:1,(anonymous_4)
FNDA:2,(anonymous_5)
DA:1,3
DA:4,3
DA:5,2
DA:9,3
DA:10,4
DA:11,8
DA:12,4
DA:13,2
DA:15,2
DA:19,3
DA:20,1
DA:22,1
DA:23,0
DA:26,1
DA:32,1
DA:33,1
DA:37,3
DA:38,1
DA:39,1
DA:41,1
DA:42,0
DA:45,2
DA:46,1
DA:47,0
DA:50,1
DA:51,1
DA:52,1
DA:54,1
LF:28
LH:25
BRDA:12,0,0,2
BRDA:12,0,1,2
BRDA:22,1,0,0
BRDA:22,1,1,1
BRDA:41,2,0,0
BRDA:41,2,1,1
BRDA:46,3,0,0
BRDA:46,3,1,1
BRDA:50,4,0,1
BRDA:50,4,1,0
BRDA:51,5,0,1
BRDA:51,5,1,0
BRDA:52,6,0,1
BRDA:52,6,1,0
BRF:14
BRH:8
end_of_record
TN:
SF:controllers\userController.js
FN:5,(anonymous_0)
FN:9,(anonymous_1)
FN:15,(anonymous_2)
FN:26,(anonymous_3)
FN:29,(anonymous_4)
FN:35,(anonymous_5)
FN:52,(anonymous_6)
FN:53,(anonymous_7)
FNF:8
FNH:6
FNDA:6,(anonymous_0)
FNDA:9,(anonymous_1)
FNDA:1,(anonymous_2)
FNDA:4,(anonymous_3)
FNDA:6,(anonymous_4)
FNDA:2,(anonymous_5)
FNDA:0,(anonymous_6)
FNDA:0,(anonymous_7)
DA:1,5
DA:2,5
DA:5,5
DA:6,6
DA:9,9
DA:10,6
DA:11,1
DA:15,5
DA:16,1
DA:19,1
DA:20,1
DA:21,1
DA:26,5
DA:27,4
DA:29,6
DA:30,4
DA:31,2
DA:35,2
DA:36,2
DA:37,0
DA:38,0
DA:41,2
DA:42,0
DA:46,2
DA:47,2
DA:52,5
DA:53,0
DA:54,0
DA:55,0
DA:57,0
LF:30
LH:23
BRDA:10,0,0,1
BRDA:10,0,1,5
BRDA:16,1,0,0
BRDA:16,1,1,1
BRDA:30,2,0,2
BRDA:30,2,1,2
BRDA:36,3,0,0
BRDA:36,3,1,2
BRDA:41,4,0,0
BRDA:41,4,1,2
BRDA:54,5,0,0
BRDA:54,5,1,0
BRF:12
BRH:7
end_of_record
TN:
SF:middleware\authMiddleware.js
FN:1,(anonymous_0)
FNF:1
FNH:1
FNDA:6,(anonymous_0)
DA:1,3
DA:2,6
DA:3,4
DA:5,2
LF:4
LH:4
BRDA:2,0,0,4
BRDA:2,0,1,2
BRF:2
BRH:2
end_of_record
TN:
SF:middleware\errorHandler.js
FN:1,(anonymous_0)
FNF:1
FNH:1
FNDA:1,(anonymous_0)
DA:1,1
DA:2,1
DA:8,1
LF:3
LH:3
BRDA:2,0,0,1
BRDA:2,0,1,0
BRDA:3,1,0,1
BRDA:3,1,1,0
BRDA:4,2,0,0
BRDA:4,2,1,1
BRF:6
BRH:3
end_of_record
TN:
SF:models\hotel.js
FNF:0
FNH:0
DA:1,3
LF:1
LH:1
BRF:0
BRH:0
end_of_record
TN:
SF:models\user.js
FNF:0
FNH:0
DA:1,5
LF:1
LH:1
BRF:0
BRH:0
end_of_record
TN:
SF:routes\hotelRoutes.js
FNF:0
FNH:0
DA:1,3
DA:2,3
DA:3,3
DA:4,3
DA:7,3
DA:8,3
DA:11,3
DA:12,3
DA:14,3
LF:9
LH:9
BRF:0
BRH:0
end_of_record
TN:
SF:routes\userRoutes.js
FNF:0
FNH:0
DA:1,5
DA:2,5
DA:3,5
DA:6,5
DA:9,5
DA:12,5
DA:14,5
LF:7
LH:7
BRF:0
BRH:0
end_of_record
